2014-04-07 16:46:16 [main] INFO  ClassPathXmlApplicationContext:510 - Refreshing org.springframework.context.support.ClassPathXmlApplicationContext@9e5e323: startup date [Mon Apr 07 16:46:16 CDT 2014]; root of context hierarchy
2014-04-07 16:46:16 [main] INFO  XmlBeanDefinitionReader:315 - Loading XML bean definitions from class path resource [cql-cassandra-stress-context.xml]
2014-04-07 16:46:16 [main] INFO  PropertySourcesPlaceholderConfigurer:172 - Loading properties file from URL [file:cql-cassandra-stress.properties]
2014-04-07 16:46:16 [main] INFO  DefaultListableBeanFactory:598 - Pre-instantiating singletons in org.springframework.beans.factory.support.DefaultListableBeanFactory@6c5dfd35: defining beans [org.springframework.context.support.PropertySourcesPlaceholderConfigurer#0,cassandraSession,tableAccessor,statsReporter,cassandraIngestTaskCoordinator]; root of factory hierarchy
2014-04-07 16:46:18 [pool-9-thread-18] INFO  CassandraIngestTask:41 - Thread 54 is starting...
2014-04-07 16:46:18 [pool-9-thread-14] INFO  CassandraIngestTask:41 - Thread 50 is starting...
2014-04-07 16:46:18 [pool-9-thread-23] INFO  CassandraIngestTask:41 - Thread 59 is starting...
2014-04-07 16:46:18 [pool-9-thread-21] INFO  CassandraIngestTask:41 - Thread 57 is starting...
2014-04-07 16:46:18 [pool-9-thread-2] INFO  CassandraIngestTask:41 - Thread 38 is starting...
2014-04-07 16:46:18 [pool-9-thread-15] INFO  CassandraIngestTask:41 - Thread 51 is starting...
2014-04-07 16:46:18 [pool-9-thread-13] INFO  CassandraIngestTask:41 - Thread 49 is starting...
2014-04-07 16:46:18 [pool-9-thread-3] INFO  CassandraIngestTask:41 - Thread 39 is starting...
2014-04-07 16:46:18 [pool-9-thread-12] INFO  CassandraIngestTask:41 - Thread 48 is starting...
2014-04-07 16:46:18 [pool-9-thread-16] INFO  CassandraIngestTask:41 - Thread 52 is starting...
2014-04-07 16:46:18 [pool-9-thread-17] INFO  CassandraIngestTask:41 - Thread 53 is starting...
2014-04-07 16:46:18 [pool-9-thread-11] INFO  CassandraIngestTask:41 - Thread 47 is starting...
2014-04-07 16:46:18 [pool-9-thread-19] INFO  CassandraIngestTask:41 - Thread 55 is starting...
2014-04-07 16:46:18 [pool-9-thread-4] INFO  CassandraIngestTask:41 - Thread 40 is starting...
2014-04-07 16:46:18 [pool-9-thread-7] INFO  CassandraIngestTask:41 - Thread 43 is starting...
2014-04-07 16:46:18 [pool-9-thread-9] INFO  CassandraIngestTask:41 - Thread 45 is starting...
2014-04-07 16:46:18 [pool-9-thread-8] INFO  CassandraIngestTask:41 - Thread 44 is starting...
2014-04-07 16:46:18 [pool-9-thread-5] INFO  CassandraIngestTask:41 - Thread 41 is starting...
2014-04-07 16:46:18 [pool-9-thread-1] INFO  CassandraIngestTask:41 - Thread 37 is starting...
2014-04-07 16:46:18 [pool-9-thread-20] INFO  CassandraIngestTask:41 - Thread 56 is starting...
2014-04-07 16:46:18 [pool-9-thread-10] INFO  CassandraIngestTask:41 - Thread 46 is starting...
2014-04-07 16:46:18 [pool-9-thread-6] INFO  CassandraIngestTask:41 - Thread 42 is starting...
2014-04-07 16:46:18 [pool-9-thread-50] INFO  CassandraIngestTask:41 - Thread 86 is starting...
2014-04-07 16:46:18 [pool-9-thread-49] INFO  CassandraIngestTask:41 - Thread 85 is starting...
2014-04-07 16:46:18 [pool-9-thread-48] INFO  CassandraIngestTask:41 - Thread 84 is starting...
2014-04-07 16:46:18 [pool-9-thread-47] INFO  CassandraIngestTask:41 - Thread 83 is starting...
2014-04-07 16:46:18 [pool-9-thread-46] INFO  CassandraIngestTask:41 - Thread 82 is starting...
2014-04-07 16:46:18 [pool-9-thread-45] INFO  CassandraIngestTask:41 - Thread 81 is starting...
2014-04-07 16:46:18 [pool-9-thread-44] INFO  CassandraIngestTask:41 - Thread 80 is starting...
2014-04-07 16:46:18 [pool-9-thread-43] INFO  CassandraIngestTask:41 - Thread 79 is starting...
2014-04-07 16:46:18 [pool-9-thread-42] INFO  CassandraIngestTask:41 - Thread 78 is starting...
2014-04-07 16:46:18 [pool-9-thread-41] INFO  CassandraIngestTask:41 - Thread 77 is starting...
2014-04-07 16:46:18 [pool-9-thread-40] INFO  CassandraIngestTask:41 - Thread 76 is starting...
2014-04-07 16:46:18 [pool-9-thread-39] INFO  CassandraIngestTask:41 - Thread 75 is starting...
2014-04-07 16:46:18 [pool-9-thread-38] INFO  CassandraIngestTask:41 - Thread 74 is starting...
2014-04-07 16:46:18 [pool-9-thread-37] INFO  CassandraIngestTask:41 - Thread 73 is starting...
2014-04-07 16:46:18 [pool-9-thread-36] INFO  CassandraIngestTask:41 - Thread 72 is starting...
2014-04-07 16:46:18 [pool-9-thread-35] INFO  CassandraIngestTask:41 - Thread 71 is starting...
2014-04-07 16:46:18 [pool-9-thread-34] INFO  CassandraIngestTask:41 - Thread 70 is starting...
2014-04-07 16:46:18 [pool-9-thread-33] INFO  CassandraIngestTask:41 - Thread 69 is starting...
2014-04-07 16:46:18 [pool-9-thread-32] INFO  CassandraIngestTask:41 - Thread 68 is starting...
2014-04-07 16:46:18 [pool-9-thread-31] INFO  CassandraIngestTask:41 - Thread 67 is starting...
2014-04-07 16:46:18 [pool-9-thread-30] INFO  CassandraIngestTask:41 - Thread 66 is starting...
2014-04-07 16:46:18 [pool-9-thread-29] INFO  CassandraIngestTask:41 - Thread 65 is starting...
2014-04-07 16:46:18 [pool-9-thread-28] INFO  CassandraIngestTask:41 - Thread 64 is starting...
2014-04-07 16:46:18 [pool-9-thread-27] INFO  CassandraIngestTask:41 - Thread 63 is starting...
2014-04-07 16:46:18 [pool-9-thread-26] INFO  CassandraIngestTask:41 - Thread 62 is starting...
2014-04-07 16:46:18 [pool-9-thread-25] INFO  CassandraIngestTask:41 - Thread 61 is starting...
2014-04-07 16:46:18 [pool-9-thread-24] INFO  CassandraIngestTask:41 - Thread 60 is starting...
2014-04-07 16:46:18 [pool-9-thread-22] INFO  CassandraIngestTask:41 - Thread 58 is starting...
